2017-03-12 04:41:53 [-][-][-][error][yii\console\UnknownCommandException] exception 'yii\base\InvalidRouteException' with message 'Unable to resolve the request "--help".' in /Users/wengsunjian/wsj/www/yii/advanced/vendor/yiisoft/yii2/base/Module.php:532
Stack trace:
#0 /Users/wengsunjian/wsj/www/yii/advanced/vendor/yiisoft/yii2/console/Application.php(180): yii\base\Module->runAction('--help', Array)
#1 /Users/wengsunjian/wsj/www/yii/advanced/vendor/yiisoft/yii2/console/Application.php(147): yii\console\Application->runAction('--help', Array)
#2 /Users/wengsunjian/wsj/www/yii/advanced/vendor/yiisoft/yii2/base/Application.php(380): yii\console\Application->handleRequest(Object(yii\console\Request))
#3 /Users/wengsunjian/wsj/www/yii/advanced/yii(27): yii\base\Application->run()
#4 {main}

Next exception 'yii\console\UnknownCommandException' with message 'Unknown command "--help".' in /Users/wengsunjian/wsj/www/yii/advanced/vendor/yiisoft/yii2/console/Application.php:183
Stack trace:
#0 /Users/wengsunjian/wsj/www/yii/advanced/vendor/yiisoft/yii2/console/Application.php(147): yii\console\Application->runAction('--help', Array)
#1 /Users/wengsunjian/wsj/www/yii/advanced/vendor/yiisoft/yii2/base/Application.php(380): yii\console\Application->handleRequest(Object(yii\console\Request))
#2 /Users/wengsunjian/wsj/www/yii/advanced/yii(27): yii\base\Application->run()
#3 {main}
2017-03-12 04:41:53 [-][-][-][info][application] $_SERVER = [
    'TERM_PROGRAM' => 'Apple_Terminal'
    'SHELL' => '/bin/bash'
    'TERM' => 'xterm-256color'
    'TMPDIR' => '/var/folders/bv/7dwp61ns56nddnctqyc0ws380000gn/T/'
    'Apple_PubSub_Socket_Render' => '/private/tmp/com.apple.launchd.ZSliWI2Up4/Render'
    'TERM_PROGRAM_VERSION' => '388'
    'OLDPWD' => '/Users/wengsunjian/wsj/www/yii'
    'TERM_SESSION_ID' => '494A0050-0D29-4565-9D7F-090672DF9B60'
    'USER' => 'wengsunjian'
    'SSH_AUTH_SOCK' => '/private/tmp/com.apple.launchd.ez31puS3qX/Listeners'
    '__CF_USER_TEXT_ENCODING' => '0x1F5:0x19:0x34'
    'PATH' => '/System/Library/Frameworks/Python.framework/Versions/3.6/bin:/usr/local/bin:/usr/bin:/bin:/usr/sbin:/sbin:/usr/local/aria2/bin'
    'PWD' => '/Users/wengsunjian/wsj/www/yii/advanced'
    'LANG' => 'zh_CN.UTF-8'
    'XPC_FLAGS' => '0x0'
    'XPC_SERVICE_NAME' => '0'
    'SHLVL' => '1'
    'HOME' => '/Users/wengsunjian'
    'LOGNAME' => 'wengsunjian'
    '_' => './yii'
    'PHP_SELF' => './yii'
    'SCRIPT_NAME' => './yii'
    'SCRIPT_FILENAME' => './yii'
    'PATH_TRANSLATED' => './yii'
    'DOCUMENT_ROOT' => ''
    'REQUEST_TIME_FLOAT' => 1489293713.7929
    'REQUEST_TIME' => 1489293713
    'argv' => [
        0 => './yii'
        1 => '--help'
    ]
    'argc' => 2
]
